Run      TotFacts  Good    Bad     BadOutputs  TotalBad  Learn    Tolerance  AvgError  RMSError  hh:mm:ss  Rý:LOS   Bad:LOS
1        6         2       4       4           4         1.0000   0.1000     0.2212    0.2517    00:00:03  0.0539   4
2        12        2       4       4           8         1.0000   0.1000     0.2020    0.2389    00:00:05  0.1183   4
3        18        2       4       4           12        1.0000   0.1000     0.1870    0.2255    00:00:06  0.3939   4
4        24        2       4       4           16        1.0000   0.1000     0.1832    0.2118    00:00:07  0.5562   4
5        30        2       4       4           20        1.0000   0.1000     0.1783    0.2008    00:00:08  0.6073   4
6        36        2       4       4           24        1.0000   0.1000     0.1763    0.1956    00:00:09  0.5870   4
7        42        2       4       4           28        1.0000   0.1000     0.1515    0.1850    00:00:10  0.5042   4
8        48        2       4       4           32        1.0000   0.1000     0.1489    0.1841    00:00:12  0.4837   4
9        54        2       4       4           36        1.0000   0.1000     0.1479    0.1845    00:00:13  0.4562   4
10       60        2       4       4           40        1.0000   0.1000     0.1462    0.1835    00:00:14  0.4501   4
11       66        2       4       4           44        1.0000   0.1000     0.1452    0.1843    00:00:16  0.4301   4
12       72        3       3       3           47        1.0000   0.1000     0.1408    0.1884    00:00:17  0.3922   3
13       78        3       3       3           50        1.0000   0.1000     0.1370    0.1968    00:00:18  0.3445   3
14       84        3       3       3           53        1.0000   0.1000     0.1355    0.1899    00:00:19  0.3806   3
15       90        3       3       3           56        1.0000   0.1000     0.1280    0.1857    00:00:20  0.4190   3
16       96        4       2       2           58        1.0000   0.1000     0.1225    0.1812    00:00:22  0.4521   2
17       102       4       2       2           60        1.0000   0.1000     0.1204    0.1821    00:00:23  0.4435   2
18       108       4       2       2           62        1.0000   0.1000     0.1198    0.1819    00:00:24  0.4415   2
19       114       5       1       1           63        1.0000   0.1000     0.1171    0.1860    00:00:25  0.4246   1
20       120       5       1       1           64        1.0000   0.1000     0.1176    0.1895    00:00:26  0.4108   1
21       126       5       1       1           65        1.0000   0.1000     0.1207    0.1933    00:00:27  0.3939   1
22       132       5       1       1           66        1.0000   0.1000     0.1180    0.1838    00:00:28  0.4421   1
23       138       4       2       2           68        1.0000   0.1000     0.1127    0.1730    00:00:30  0.5121   2
24       144       4       2       2           70        1.0000   0.1000     0.1130    0.1682    00:00:31  0.5444   2
25       150       5       1       1           71        1.0000   0.1000     0.1080    0.1743    00:00:32  0.5256   1
26       156       5       1       1           72        1.0000   0.1000     0.1136    0.1781    00:00:34  0.5321   1
27       162       5       1       1           73        1.0000   0.1000     0.1064    0.1674    00:00:35  0.5747   1
28       168       5       1       1           74        1.0000   0.1000     0.1069    0.1613    00:00:36  0.6114   1
29       174       5       1       1           75        1.0000   0.1000     0.1030    0.1631    00:00:37  0.6125   1
30       180       5       1       1           76        1.0000   0.1000     0.1077    0.1692    00:00:38  0.5992   1
31       186       5       1       1           77        1.0000   0.1000     0.1068    0.1667    00:00:40  0.6222   1
32       192       5       1       1           78        1.0000   0.1000     0.1041    0.1606    00:00:41  0.6452   1
33       198       5       1       1           79        1.0000   0.1000     0.1051    0.1594    00:00:42  0.6775   1
34       204       5       1       1           80        1.0000   0.1000     0.1114    0.1643    00:00:43  0.6901   1
35       210       5       1       1           81        1.0000   0.1000     0.1077    0.1597    00:00:44  0.6977   1
36       216       5       1       1           82        1.0000   0.1000     0.1122    0.1646    00:00:46  0.6931   1
37       222       5       1       1           83        1.0000   0.1000     0.1135    0.1656    00:00:47  0.6994   1
38       228       5       1       1           84        1.0000   0.1000     0.1094    0.1599    00:00:47  0.7150   1
39       234       5       1       1           85        1.0000   0.1000     0.1141    0.1667    00:00:48  0.6970   1
40       240       5       1       1           86        1.0000   0.1000     0.1132    0.1653    00:00:49  0.6898   1
41       246       5       1       1           87        1.0000   0.1000     0.1152    0.1671    00:00:51  0.6894   1
42       252       5       1       1           88        1.0000   0.1000     0.1161    0.1669    00:00:52  0.6968   1
43       258       5       1       1           89        1.0000   0.1000     0.1171    0.1667    00:00:53  0.7081   1
44       264       5       1       1           90        1.0000   0.1000     0.1180    0.1668    00:00:53  0.7199   1
45       270       5       1       1           91        1.0000   0.1000     0.1227    0.1706    00:00:54  0.7335   1
46       276       5       1       1           92        1.0000   0.1000     0.1181    0.1642    00:00:56  0.7439   1
47       282       5       1       1           93        1.0000   0.1000     0.1196    0.1667    00:00:56  0.7387   1
48       288       5       1       1           94        1.0000   0.1000     0.1199    0.1671    00:00:57  0.7415   1
49       294       5       1       1           95        1.0000   0.1000     0.1199    0.1670    00:00:57  0.7479   1
50       300       5       1       1           96        1.0000   0.1000     0.1206    0.1670    00:00:58  0.7582   1
51       306       5       1       1           97        1.0000   0.1000     0.1195    0.1647    00:00:59  0.7639   1
52       312       5       1       1           98        1.0000   0.1000     0.1224    0.1675    00:01:00  0.7664   1
53       318       5       1       1           99        1.0000   0.1000     0.1241    0.1690    00:01:01  0.7691   1
54       324       5       1       1           100       1.0000   0.1000     0.1237    0.1680    00:01:02  0.7687   1
55       330       5       1       1           101       1.0000   0.1000     0.1245    0.1684    00:01:03  0.7700   1
56       336       5       1       1           102       1.0000   0.1000     0.1242    0.1679    00:01:04  0.7727   1
57       342       5       1       1           103       1.0000   0.1000     0.1241    0.1675    00:01:05  0.7777   1
58       348       5       1       1           104       1.0000   0.1000     0.1241    0.1675    00:01:06  0.7797   1
59       354       5       1       1           105       1.0000   0.1000     0.1239    0.1668    00:01:07  0.7849   1
60       360       4       2       2           107       1.0000   0.1000     0.1243    0.1673    00:01:08  0.7885   2
61       366       4       2       2           109       1.0000   0.1000     0.1239    0.1663    00:01:09  0.7906   2
62       372       4       2       2           111       1.0000   0.1000     0.1240    0.1668    00:01:10  0.7902   2
63       378       4       2       2           113       1.0000   0.1000     0.1239    0.1665    00:01:11  0.7907   2
64       384       4       2       2           115       1.0000   0.1000     0.1239    0.1663    00:01:12  0.7924   2
65       390       4       2       2           117       1.0000   0.1000     0.1233    0.1653    00:01:13  0.7932   2
66       396       4       2       2           119       1.0000   0.1000     0.1236    0.1658    00:01:15  0.7930   2
67       402       4       2       2           121       1.0000   0.1000     0.1239    0.1654    00:01:15  0.7945   2
68       408       4       2       2           123       1.0000   0.1000     0.1247    0.1663    00:01:16  0.7928   2
69       414       4       2       2           125       1.0000   0.1000     0.1243    0.1660    00:01:17  0.7923   2
70       420       4       2       2           127       1.0000   0.1000     0.1247    0.1663    00:01:17  0.7916   2
