Run      TotFacts  Good    Bad     BadOutputs  TotalBad  Learn    Tolerance  AvgError  RMSError  hh:mm:ss  Rý:LOS   Bad:LOS
1        6         3       3       3           3         1.0000   0.1000     0.1966    0.2423    00:00:03  0.7609   3
2        12        2       4       4           7         1.0000   0.1000     0.1869    0.2336    00:00:04  0.7336   4
3        18        3       3       3           10        1.0000   0.1000     0.1781    0.2264    00:00:05  0.7228   3
4        24        3       3       3           13        1.0000   0.1000     0.1749    0.2171    00:00:07  0.7255   3
5        30        2       4       4           17        1.0000   0.1000     0.1715    0.2080    00:00:08  0.7347   4
6        36        2       4       4           21        1.0000   0.1000     0.1695    0.2028    00:00:09  0.7415   4
7        42        2       4       4           25        1.0000   0.1000     0.1674    0.1975    00:00:10  0.7518   4
8        48        2       4       4           29        1.0000   0.1000     0.1657    0.1935    00:00:11  0.7646   4
9        54        1       5       5           34        1.0000   0.1000     0.1633    0.1899    00:00:12  0.7767   5
10       60        1       5       5           39        1.0000   0.1000     0.1602    0.1856    00:00:13  0.7848   5
11       66        2       4       4           43        1.0000   0.1000     0.1559    0.1800    00:00:15  0.8005   4
12       72        2       4       4           47        1.0000   0.1000     0.1559    0.1808    00:00:16  0.8062   4
13       78        2       4       4           51        1.0000   0.1000     0.1555    0.1798    00:00:17  0.8035   4
14       84        2       4       4           55        1.0000   0.1000     0.1548    0.1791    00:00:18  0.8074   4
15       90        2       4       4           59        1.0000   0.1000     0.1534    0.1783    00:00:19  0.8205   4
16       96        2       4       4           63        1.0000   0.1000     0.1520    0.1756    00:00:21  0.8277   4
17       102       2       4       4           67        1.0000   0.1000     0.1480    0.1698    00:00:23  0.8405   4
18       108       2       4       4           71        1.0000   0.1000     0.1447    0.1670    00:00:23  0.8560   4
19       114       2       4       4           75        1.0000   0.1000     0.1420    0.1623    00:00:23  0.8609   4
20       120       2       4       4           79        1.0000   0.1000     0.1420    0.1632    00:00:24  0.8659   4
21       126       2       4       4           83        1.0000   0.1000     0.1435    0.1684    00:00:26  0.8712   4
22       132       2       4       4           87        1.0000   0.1000     0.1391    0.1612    00:00:27  0.8803   4
23       138       2       4       4           91        1.0000   0.1000     0.1348    0.1550    00:00:28  0.8859   4
24       144       2       4       4           95        1.0000   0.1000     0.1321    0.1522    00:00:29  0.8925   4
25       150       2       4       4           99        1.0000   0.1000     0.1296    0.1500    00:00:30  0.8978   4
26       156       2       4       4           103       1.0000   0.1000     0.1286    0.1486    00:00:32  0.8999   4
27       162       2       4       4           107       1.0000   0.1000     0.1276    0.1465    00:00:33  0.8991   4
28       168       2       4       4           111       1.0000   0.1000     0.1239    0.1403    00:00:34  0.8965   4
29       174       2       4       4           115       1.0000   0.1000     0.1242    0.1419    00:00:35  0.8995   4
30       180       2       4       4           119       1.0000   0.1000     0.1239    0.1422    00:00:36  0.8997   4
31       186       2       4       4           123       1.0000   0.1000     0.1226    0.1404    00:00:37  0.9006   4
32       192       2       4       4           127       1.0000   0.1000     0.1209    0.1388    00:00:38  0.9027   4
33       198       2       4       4           131       1.0000   0.1000     0.1204    0.1379    00:00:39  0.9033   4
34       204       2       4       4           135       1.0000   0.1000     0.1199    0.1379    00:00:40  0.9047   4
35       210       2       4       4           139       1.0000   0.1000     0.1169    0.1328    00:00:41  0.9033   4
36       216       2       4       4           143       1.0000   0.1000     0.1176    0.1341    00:00:43  0.9055   4
37       222       2       4       4           147       1.0000   0.1000     0.1180    0.1360    00:00:44  0.9074   4
38       228       3       3       3           150       1.0000   0.1000     0.1141    0.1296    00:00:45  0.9064   3
39       234       2       4       4           154       1.0000   0.1000     0.1136    0.1302    00:00:46  0.9090   4
40       240       3       3       3           157       1.0000   0.1000     0.1121    0.1288    00:00:46  0.9098   3
41       246       3       3       3           160       1.0000   0.1000     0.1106    0.1275    00:00:48  0.9111   3
42       252       2       4       4           164       1.0000   0.1000     0.1104    0.1282    00:00:48  0.9123   4
43       258       3       3       3           167       1.0000   0.1000     0.1083    0.1251    00:00:48  0.9113   3
44       264       3       3       3           170       1.0000   0.1000     0.1082    0.1262    00:00:49  0.9134   3
45       270       3       3       3           173       1.0000   0.1000     0.1079    0.1274    00:00:49  0.9154   3
46       276       3       3       3           176       1.0000   0.1000     0.1076    0.1275    00:00:51  0.9163   3
47       282       4       2       2           178       1.0000   0.1000     0.1058    0.1246    00:00:52  0.9162   2
48       288       4       2       2           180       1.0000   0.1000     0.1052    0.1243    00:00:53  0.9164   2
49       294       4       2       2           182       1.0000   0.1000     0.1047    0.1241    00:00:54  0.9174   2
50       300       4       2       2           184       1.0000   0.1000     0.1043    0.1240    00:00:55  0.9177   2
51       306       4       2       2           186       1.0000   0.1000     0.1042    0.1243    00:00:57  0.9183   2
52       312       4       2       2           188       1.0000   0.1000     0.1034    0.1236    00:00:58  0.9188   2
53       318       4       2       2           190       1.0000   0.1000     0.1031    0.1235    00:00:59  0.9185   2
54       324       4       2       2           192       1.0000   0.1000     0.1031    0.1236    00:01:00  0.9185   2
55       330       4       2       2           194       1.0000   0.1000     0.1032    0.1238    00:01:00  0.9188   2
