Run      TotFacts  Good    Bad     BadOutputs  TotalBad  Learn    Tolerance  AvgError  RMSError  hh:mm:ss  Rý:SALEPRIC  Bad:SALEPRIC
1        22        19      3       3           3         1.0000   0.2000     0.1221    0.1551    00:00:10  0.5472       3
2        44        19      3       3           6         1.0000   0.2000     0.1156    0.1356    00:00:12  0.5499       3
3        66        20      2       2           8         1.0000   0.2000     0.0875    0.1070    00:00:14  0.5802       2
4        88        20      2       2           10        1.0000   0.2000     0.0916    0.1198    00:00:16  0.6011       2
5        110       19      3       3           13        1.0000   0.2000     0.0912    0.1208    00:00:19  0.6134       3
6        132       18      4       4           17        1.0000   0.2000     0.1061    0.1400    00:00:21  0.6163       4
7        154       19      3       3           20        1.0000   0.2000     0.0933    0.1235    00:00:23  0.6293       3
8        176       19      3       3           23        1.0000   0.2000     0.0895    0.1147    00:00:25  0.6364       3
9        198       20      2       2           25        1.0000   0.2000     0.0802    0.1048    00:00:28  0.6343       2
10       220       21      1       1           26        1.0000   0.2000     0.0766    0.1020    00:00:30  0.6294       1
11       242       21      1       1           27        1.0000   0.2000     0.0741    0.1019    00:00:31  0.6127       1
12       264       20      2       2           29        1.0000   0.2000     0.0710    0.1038    00:00:33  0.5889       2
13       286       20      2       2           31        1.0000   0.2000     0.0728    0.1066    00:00:35  0.5703       2
14       308       20      2       2           33        1.0000   0.2000     0.0749    0.1063    00:00:37  0.5708       2
15       330       20      2       2           35        1.0000   0.2000     0.0727    0.1061    00:00:39  0.5734       2
16       352       21      1       1           36        1.0000   0.2000     0.0788    0.1063    00:00:41  0.5914       1
17       374       21      1       1           37        1.0000   0.2000     0.0771    0.1052    00:00:44  0.5965       1
18       396       21      1       1           38        1.0000   0.2000     0.0771    0.1055    00:00:45  0.5893       1
19       418       20      2       2           40        1.0000   0.2000     0.0766    0.1061    00:00:47  0.5818       2
20       440       20      2       2           42        1.0000   0.2000     0.0781    0.1070    00:00:49  0.5754       2
21       462       20      2       2           44        1.0000   0.2000     0.0785    0.1076    00:00:51  0.5704       2
22       484       20      2       2           46        1.0000   0.2000     0.0806    0.1090    00:00:53  0.5675       2
23       506       20      2       2           48        1.0000   0.2000     0.0790    0.1090    00:00:55  0.5597       2
24       528       20      2       2           50        1.0000   0.2000     0.0795    0.1099    00:00:57  0.5558       2
25       550       20      2       2           52        1.0000   0.2000     0.0806    0.1106    00:00:59  0.5535       2
26       572       20      2       2           54        1.0000   0.2000     0.0806    0.1117    00:01:01  0.5450       2
27       594       20      2       2           56        1.0000   0.2000     0.0818    0.1134    00:01:03  0.5349       2
28       616       20      2       2           58        1.0000   0.2000     0.0836    0.1159    00:01:05  0.5302       2
29       638       20      2       2           60        1.0000   0.2000     0.0816    0.1142    00:01:08  0.5266       2
30       660       20      2       2           62        1.0000   0.2000     0.0815    0.1142    00:01:10  0.5285       2
31       682       20      2       2           64        1.0000   0.2000     0.0806    0.1125    00:01:12  0.5389       2
32       704       20      2       2           66        1.0000   0.2000     0.0811    0.1121    00:01:13  0.5457       2
33       726       20      2       2           68        1.0000   0.2000     0.0805    0.1121    00:01:15  0.5459       2
34       748       20      2       2           70        1.0000   0.2000     0.0829    0.1136    00:01:17  0.5437       2
35       770       20      2       2           72        1.0000   0.2000     0.0820    0.1138    00:01:19  0.5373       2
36       792       20      2       2           74        1.0000   0.2000     0.0819    0.1151    00:01:21  0.5259       2
37       814       20      2       2           76        1.0000   0.2000     0.0834    0.1164    00:01:23  0.5163       2
38       836       20      2       2           78        1.0000   0.2000     0.0830    0.1163    00:01:25  0.5213       2
39       858       20      2       2           80        1.0000   0.2000     0.0835    0.1162    00:01:26  0.5255       2
40       880       20      2       2           82        1.0000   0.2000     0.0844    0.1159    00:01:28  0.5301       2
41       902       20      2       2           84        1.0000   0.2000     0.0839    0.1164    00:01:30  0.5245       2
42       924       20      2       2           86        1.0000   0.2000     0.0849    0.1166    00:01:32  0.5243       2
43       946       20      2       2           88        1.0000   0.2000     0.0840    0.1159    00:01:34  0.5296       2
44       968       20      2       2           90        1.0000   0.2000     0.0837    0.1158    00:01:36  0.5300       2
45       990       20      2       2           92        1.0000   0.2000     0.0855    0.1175    00:01:39  0.5253       2
46       1012      20      2       2           94        1.0000   0.2000     0.0841    0.1163    00:01:41  0.5269       2
47       1034      20      2       2           96        1.0000   0.2000     0.0846    0.1159    00:01:43  0.5301       2
48       1056      20      2       2           98        1.0000   0.2000     0.0847    0.1149    00:01:45  0.5393       2
49       1078      20      2       2           100       1.0000   0.2000     0.0844    0.1144    00:01:47  0.5409       2
50       1100      20      2       2           102       1.0000   0.2000     0.0842    0.1155    00:01:49  0.5298       2
51       1122      20      2       2           104       1.0000   0.2000     0.0841    0.1165    00:01:51  0.5220       2
52       1144      20      2       2           106       1.0000   0.2000     0.0845    0.1164    00:01:53  0.5256       2
53       1166      20      2       2           108       1.0000   0.2000     0.0847    0.1164    00:01:55  0.5271       2
54       1188      20      2       2           110       1.0000   0.2000     0.0862    0.1172    00:01:57  0.5257       2
55       1210      20      2       2           112       1.0000   0.2000     0.0863    0.1174    00:01:59  0.5219       2
56       1232      20      2       2           114       1.0000   0.2000     0.0849    0.1160    00:02:01  0.5301       2
57       1254      21      1       1           115       1.0000   0.2000     0.0863    0.1149    00:02:04  0.5490       1
58       1276      20      2       2           117       1.0000   0.2000     0.0861    0.1150    00:02:06  0.5473       2
59       1298      20      2       2           119       1.0000   0.2000     0.0852    0.1153    00:02:08  0.5360       2
60       1320      20      2       2           121       1.0000   0.2000     0.0850    0.1154    00:02:10  0.5344       2
61       1342      20      2       2           123       1.0000   0.2000     0.0878    0.1180    00:02:12  0.5232       2
62       1364      20      2       2           125       1.0000   0.2000     0.0859    0.1169    00:02:14  0.5186       2
63       1386      20      2       2           127       1.0000   0.2000     0.0856    0.1161    00:02:16  0.5251       2
64       1408      20      2       2           129       1.0000   0.2000     0.0863    0.1140    00:02:18  0.5466       2
65       1430      20      2       2           131       1.0000   0.2000     0.0857    0.1130    00:02:20  0.5571       2
66       1452      20      2       2           133       1.0000   0.2000     0.0877    0.1147    00:02:21  0.5569       2
67       1474      20      2       2           135       1.0000   0.2000     0.0855    0.1131    00:02:23  0.5559       2
68       1496      20      2       2           137       1.0000   0.2000     0.0858    0.1131    00:02:24  0.5555       2
69       1518      20      2       2           139       1.0000   0.2000     0.0905    0.1183    00:02:26  0.5423       2
70       1540      20      2       2           141       1.0000   0.2000     0.0860    0.1135    00:02:28  0.5505       2
71       1562      20      2       2           143       1.0000   0.2000     0.0867    0.1137    00:02:30  0.5528       2
72       1584      20      2       2           145       1.0000   0.2000     0.0886    0.1150    00:02:32  0.5525       2
73       1606      20      2       2           147       1.0000   0.2000     0.0869    0.1140    00:02:35  0.5506       2
74       1628      20      2       2           149       1.0000   0.2000     0.0862    0.1132    00:02:36  0.5543       2
75       1650      20      2       2           151       1.0000   0.2000     0.0868    0.1136    00:02:39  0.5514       2
76       1672      20      2       2           153       1.0000   0.2000     0.0880    0.1149    00:02:41  0.5432       2
77       1694      20      2       2           155       1.0000   0.2000     0.0865    0.1138    00:02:43  0.5420       2
78       1716      20      2       2           157       1.0000   0.2000     0.0868    0.1138    00:02:45  0.5409       2
79       1738      20      2       2           159       1.0000   0.2000     0.0909    0.1197    00:02:47  0.5222       2
80       1760      20      2       2           161       1.0000   0.2000     0.0870    0.1147    00:02:49  0.5320       2
81       1782      20      2       2           163       1.0000   0.2000     0.0870    0.1143    00:02:51  0.5384       2
82       1804      20      2       2           165       1.0000   0.2000     0.0880    0.1148    00:02:53  0.5393       2
83       1826      20      2       2           167       1.0000   0.2000     0.0872    0.1138    00:02:55  0.5455       2
84       1848      20      2       2           169       1.0000   0.2000     0.0870    0.1121    00:02:57  0.5599       2
85       1870      20      2       2           171       1.0000   0.2000     0.0910    0.1164    00:03:00  0.5511       2
86       1892      20      2       2           173       1.0000   0.2000     0.0875    0.1127    00:03:01  0.5558       2
87       1914      20      2       2           175       1.0000   0.2000     0.0867    0.1115    00:03:03  0.5609       2
88       1936      20      2       2           177       1.0000   0.2000     0.0922    0.1193    00:03:05  0.5417       2
89       1958      20      2       2           179       1.0000   0.2000     0.0873    0.1115    00:03:07  0.5570       2
90       1980      20      2       2           181       1.0000   0.2000     0.0874    0.1125    00:03:09  0.5552       2
91       2002      20      2       2           183       1.0000   0.2000     0.0872    0.1106    00:03:11  0.5650       2
92       2024      20      2       2           185       1.0000   0.2000     0.0876    0.1122    00:03:14  0.5603       2
93       2046      20      2       2           187       1.0000   0.2000     0.0867    0.1108    00:03:16  0.5667       2
94       2068      20      2       2           189       1.0000   0.2000     0.0868    0.1109    00:03:18  0.5669       2
95       2090      20      2       2           191       1.0000   0.2000     0.0883    0.1131    00:03:19  0.5607       2
96       2112      20      2       2           193       1.0000   0.2000     0.0867    0.1104    00:03:20  0.5645       2
97       2134      20      2       2           195       1.0000   0.2000     0.0868    0.1104    00:03:22  0.5639       2
98       2156      20      2       2           197       1.0000   0.2000     0.0877    0.1123    00:03:24  0.5592       2
99       2178      20      2       2           199       1.0000   0.2000     0.0878    0.1122    00:03:26  0.5594       2
100      2200      20      2       2           201       1.0000   0.2000     0.0868    0.1104    00:03:28  0.5663       2
101      2222      20      2       2           203       1.0000   0.2000     0.0871    0.1103    00:03:30  0.5696       2
102      2244      20      2       2           205       1.0000   0.2000     0.0874    0.1105    00:03:32  0.5713       2
103      2266      20      2       2           207       1.0000   0.2000     0.0873    0.1103    00:03:34  0.5715       2
104      2288      20      2       2           209       1.0000   0.2000     0.0898    0.1147    00:03:36  0.5602       2
105      2310      20      2       2           211       1.0000   0.2000     0.0871    0.1105    00:03:37  0.5658       2
106      2332      20      2       2           213       1.0000   0.2000     0.0900    0.1165    00:03:38  0.5474       2
107      2354      20      2       2           215       1.0000   0.2000     0.0874    0.1102    00:03:40  0.5586       2
108      2376      20      2       2           217       1.0000   0.2000     0.0876    0.1111    00:03:42  0.5553       2
109      2398      20      2       2           219       1.0000   0.2000     0.0879    0.1121    00:03:44  0.5534       2
110      2420      20      2       2           221       1.0000   0.2000     0.0882    0.1126    00:03:46  0.5539       2
111      2442      20      2       2           223       1.0000   0.2000     0.0877    0.1117    00:03:48  0.5595       2
112      2464      20      2       2           225       1.0000   0.2000     0.0874    0.1109    00:03:50  0.5629       2
113      2486      20      2       2           227       1.0000   0.2000     0.0883    0.1123    00:03:53  0.5611       2
114      2508      20      2       2           229       1.0000   0.2000     0.0877    0.1111    00:03:54  0.5649       2
115      2530      20      2       2           231       1.0000   0.2000     0.0878    0.1113    00:03:56  0.5646       2
116      2552      20      2       2           233       1.0000   0.2000     0.0885    0.1130    00:03:58  0.5590       2
117      2574      20      2       2           235       1.0000   0.2000     0.0882    0.1120    00:04:01  0.5571       2
118      2596      20      2       2           237       1.0000   0.2000     0.0887    0.1135    00:04:03  0.5526       2
119      2618      20      2       2           239       1.0000   0.2000     0.0882    0.1112    00:04:04  0.5574       2
120      2640      20      2       2           241       1.0000   0.2000     0.0886    0.1124    00:04:06  0.5540       2
121      2662      20      2       2           243       1.0000   0.2000     0.0889    0.1136    00:04:08  0.5518       2
122      2684      20      2       2           245       1.0000   0.2000     0.0882    0.1109    00:04:10  0.5599       2
123      2706      20      2       2           247       1.0000   0.2000     0.0886    0.1120    00:04:12  0.5572       2
